{"level":"info","message":"App listening on url: http://localhost:8080","timestamp":"2022-09-18T05:12:41.510Z"}
{"message":"connect ECONNREFUSED 127.0.0.1:27017","stack":"MongooseServerSelectionError: connect ECONNREFUSED 127.0.0.1:27017\n    at NativeConnection.Connection.openUri (C:\\Projects\\Local\\eleven_health\\node_backend_2\\eleven_backend\\node_modules\\mongoose\\lib\\connection.js:821:32)\n    at C:\\Projects\\Local\\eleven_health\\node_backend_2\\eleven_backend\\node_modules\\mongoose\\lib\\index.js:342:10\n    at C:\\Projects\\Local\\eleven_health\\node_backend_2\\eleven_backend\\node_modules\\mongoose\\lib\\helpers\\promiseOrCallback.js:31:5\n    at new Promise (<anonymous>)\n    at promiseOrCallback (C:\\Projects\\Local\\eleven_health\\node_backend_2\\eleven_backend\\node_modules\\mongoose\\lib\\helpers\\promiseOrCallback.js:30:10)\n    at Mongoose.connect (C:\\Projects\\Local\\eleven_health\\node_backend_2\\eleven_backend\\node_modules\\mongoose\\lib\\index.js:341:10)\n    at module.exports (C:\\Projects\\Local\\eleven_health\\node_backend_2\\eleven_backend\\startup\\db.js:7:14)\n    at Object.<anonymous> (C:\\Projects\\Local\\eleven_health\\node_backend_2\\eleven_backend\\index.js:15:24)\n    at Module._compile (internal/modules/cjs/loader.js:1085:14)\n    at Object.Module._extensions..js (internal/modules/cjs/loader.js:1114:10)\n    at Module.load (internal/modules/cjs/loader.js:950:32)\n    at Function.Module._load (internal/modules/cjs/loader.js:790:12)\n    at Function.executeUserEntryPoint [as runMain] (internal/modules/run_main.js:76:12)\n    at internal/main/run_main_module.js:17:47","reason":{"type":"Single","setName":null,"maxSetVersion":null,"maxElectionId":null,"servers":{},"stale":false,"compatible":true,"compatibilityError":null,"logicalSessionTimeoutMinutes":null,"heartbeatFrequencyMS":10000,"localThresholdMS":15,"commonWireVersion":null},"level":"error","timestamp":"2022-09-18T05:13:11.502Z"}
{"level":"info","message":"App listening on url: http://localhost:8080","timestamp":"2022-09-18T05:19:21.338Z"}
{"level":"info","message":"App listening on url: http://localhost:8080","timestamp":"2022-09-18T05:19:24.581Z"}
{"message":"winston is not defined","stack":"ReferenceError: winston is not defined\n    at C:\\Projects\\Local\\eleven_health\\node_backend_2\\eleven_backend\\startup\\db.js:11:3\n    at C:\\Projects\\Local\\eleven_health\\node_backend_2\\eleven_backend\\node_modules\\mongodb\\lib\\utils.js:361:17\n    at C:\\Projects\\Local\\eleven_health\\node_backend_2\\eleven_backend\\node_modules\\mongodb\\lib\\mongo_client.js:137:28\n    at connectCallback (C:\\Projects\\Local\\eleven_health\\node_backend_2\\eleven_backend\\node_modules\\mongodb\\lib\\operations\\connect.js:29:9)\n    at C:\\Projects\\Local\\eleven_health\\node_backend_2\\eleven_backend\\node_modules\\mongodb\\lib\\operations\\connect.js:79:20\n    at exitWithError (C:\\Projects\\Local\\eleven_health\\node_backend_2\\eleven_backend\\node_modules\\mongodb\\lib\\sdam\\topology.js:187:53)\n    at C:\\Projects\\Local\\eleven_health\\node_backend_2\\eleven_backend\\node_modules\\mongodb\\lib\\sdam\\topology.js:191:59\n    at C:\\Projects\\Local\\eleven_health\\node_backend_2\\eleven_backend\\node_modules\\mongodb\\lib\\sdam\\topology.js:244:80\n    at <anonymous>\n    at processTicksAndRejections (internal/process/task_queues.js:95:5)","level":"error","timestamp":"2022-09-18T05:19:54.629Z"}
{"level":"info","message":"App listening on url: http://localhost:8080","timestamp":"2022-09-18T05:20:21.641Z"}
{"level":"info","message":"App listening on url: http://localhost:8080","timestamp":"2022-09-18T05:20:24.473Z"}
{"level":"info","message":"connected to db succesfully","timestamp":"2022-09-18T05:20:54.601Z"}
{"level":"info","message":"App listening on url: http://localhost:8080","timestamp":"2022-09-18T05:33:55.568Z"}
{"level":"info","message":"App listening on url: http://localhost:8080","timestamp":"2022-09-18T05:34:16.059Z"}
{"level":"info","message":"connected to db succesfully","timestamp":"2022-09-18T05:34:46.164Z"}
{"level":"info","message":"App listening on url: http://localhost:8080","timestamp":"2022-09-18T05:45:03.995Z"}
{"level":"info","message":"App listening on url: http://localhost:8080","timestamp":"2022-09-18T05:45:20.599Z"}
{"level":"info","message":"App listening on url: http://localhost:3001","timestamp":"2022-09-18T05:46:37.280Z"}
{"level":"info","message":"connected to db succesfully","timestamp":"2022-09-18T05:47:07.394Z"}
{"level":"info","message":"App listening on url: http://localhost:8000","timestamp":"2022-09-18T05:56:44.110Z"}
{"level":"info","message":"App listening on url: http://localhost:8000","timestamp":"2022-09-18T05:56:53.274Z"}
{"level":"info","message":"connected to db succesfully","timestamp":"2022-09-18T05:57:23.324Z"}
{"level":"info","message":"App listening on url: http://localhost:8000","timestamp":"2022-09-18T05:57:28.711Z"}
{"level":"info","message":"connected to db succesfully","timestamp":"2022-09-18T05:57:58.744Z"}
{"message":"Operation `users.findOne()` buffering timed out after 10000ms","stack":"MongooseError: Operation `users.findOne()` buffering timed out after 10000ms\n    at Timeout.<anonymous> (C:\\Projects\\Local\\eleven_health\\node_backend_2\\eleven_backend\\node_modules\\mongoose\\lib\\drivers\\node-mongodb-native\\collection.js:153:23)\n    at listOnTimeout (internal/timers.js:557:17)\n    at processTimers (internal/timers.js:500:7)","level":"error","timestamp":"2022-09-18T06:46:48.589Z"}
{"level":"info","message":"App listening on url: http://localhost:8000","timestamp":"2022-09-18T06:49:56.439Z"}
{"level":"info","message":"connected to db succesfully","timestamp":"2022-09-18T06:50:26.661Z"}
{"level":"info","message":"App listening on url: http://localhost:8000","timestamp":"2022-09-18T07:48:21.133Z"}
{"level":"info","message":"connected to db succesfully","timestamp":"2022-09-18T07:48:51.337Z"}
{"message":"Operation `users.findOne()` buffering timed out after 10000ms","stack":"MongooseError: Operation `users.findOne()` buffering timed out after 10000ms\n    at Timeout.<anonymous> (C:\\Projects\\Local\\eleven_health\\node_backend_2\\eleven_backend\\node_modules\\mongoose\\lib\\drivers\\node-mongodb-native\\collection.js:153:23)\n    at listOnTimeout (internal/timers.js:557:17)\n    at processTimers (internal/timers.js:500:7)","level":"error","timestamp":"2022-09-18T08:13:44.689Z"}
{"level":"info","message":"App listening on url: http://localhost:8000","timestamp":"2022-09-18T08:27:59.102Z"}
{"level":"info","message":"connected to db succesfully","timestamp":"2022-09-18T08:28:29.322Z"}
{"message":"Operation `users.findOne()` buffering timed out after 10000ms","stack":"MongooseError: Operation `users.findOne()` buffering timed out after 10000ms\n    at Timeout.<anonymous> (C:\\Projects\\Local\\eleven_health\\node_backend_2\\eleven_backend\\node_modules\\mongoose\\lib\\drivers\\node-mongodb-native\\collection.js:153:23)\n    at listOnTimeout (internal/timers.js:557:17)\n    at processTimers (internal/timers.js:500:7)","level":"error","timestamp":"2022-09-18T08:28:59.615Z"}
{"level":"info","message":"App listening on url: http://localhost:8000","timestamp":"2022-09-18T08:33:14.021Z"}
{"level":"info","message":"connected to db succesfully","timestamp":"2022-09-18T08:33:44.224Z"}
{"message":"Operation `users.findOne()` buffering timed out after 10000ms","stack":"MongooseError: Operation `users.findOne()` buffering timed out after 10000ms\n    at Timeout.<anonymous> (C:\\Projects\\Local\\eleven_health\\node_backend_2\\eleven_backend\\node_modules\\mongoose\\lib\\drivers\\node-mongodb-native\\collection.js:153:23)\n    at listOnTimeout (internal/timers.js:557:17)\n    at processTimers (internal/timers.js:500:7)","level":"error","timestamp":"2022-09-18T08:34:44.277Z"}
{"level":"info","message":"App listening on url: http://localhost:8000","timestamp":"2022-09-18T08:37:42.447Z"}
{"level":"info","message":"App listening on url: http://localhost:8000","timestamp":"2022-09-18T08:37:47.142Z"}
{"message":"Operation `users.findOne()` buffering timed out after 10000ms","stack":"MongooseError: Operation `users.findOne()` buffering timed out after 10000ms\n    at Timeout.<anonymous> (C:\\Projects\\Local\\eleven_health\\node_backend_2\\eleven_backend\\node_modules\\mongoose\\lib\\drivers\\node-mongodb-native\\collection.js:153:23)\n    at listOnTimeout (internal/timers.js:557:17)\n    at processTimers (internal/timers.js:500:7)","level":"error","timestamp":"2022-09-18T08:38:16.473Z"}
{"level":"info","message":"App listening on url: http://localhost:8000","timestamp":"2022-09-18T08:38:22.735Z"}
{"level":"info","message":"App listening on url: http://localhost:8000","timestamp":"2022-09-18T08:38:36.281Z"}
{"level":"info","message":"App listening on url: http://localhost:8000","timestamp":"2022-09-18T08:38:40.885Z"}
{"level":"info","message":"connected to db succesfully","timestamp":"2022-09-18T08:39:10.940Z"}
{"level":"info","message":"App listening on url: http://localhost:8000","timestamp":"2022-09-18T08:43:41.895Z"}
{"level":"info","message":"connected to db succesfully","timestamp":"2022-09-18T08:43:42.676Z"}
{"message":"Operation `users.findOne()` buffering timed out after 10000ms","stack":"MongooseError: Operation `users.findOne()` buffering timed out after 10000ms\n    at Timeout.<anonymous> (C:\\Projects\\Local\\eleven_health\\node_backend_2\\eleven_backend\\node_modules\\mongoose\\lib\\drivers\\node-mongodb-native\\collection.js:153:23)\n    at listOnTimeout (internal/timers.js:557:17)\n    at processTimers (internal/timers.js:500:7)","level":"error","timestamp":"2022-09-18T08:44:02.466Z"}
{"level":"info","message":"App listening on url: http://localhost:8000","timestamp":"2022-09-18T08:58:18.039Z"}
{"level":"info","message":"App listening on url: http://localhost:8000","timestamp":"2022-09-18T09:02:44.350Z"}
{"level":"info","message":"App listening on url: http://localhost:8000","timestamp":"2022-09-18T09:02:48.072Z"}
{"level":"info","message":"App listening on url: http://localhost:8000","timestamp":"2022-09-18T10:38:15.791Z"}
{"level":"info","message":"App listening on url: http://localhost:8000","timestamp":"2022-09-18T10:39:51.847Z"}
{"level":"info","message":"App listening on url: http://localhost:8000","timestamp":"2022-09-18T11:05:58.339Z"}
{"level":"info","message":"App listening on url: http://localhost:8000","timestamp":"2022-09-18T11:11:30.907Z"}
{"level":"info","message":"App listening on url: http://localhost:8000","timestamp":"2022-09-18T11:31:22.107Z"}
{"level":"info","message":"App listening on url: http://localhost:8000","timestamp":"2022-09-18T11:31:36.734Z"}
{"level":"info","message":"App listening on url: http://localhost:8000","timestamp":"2022-09-18T11:31:44.060Z"}
{"level":"info","message":"App listening on url: http://localhost:8000","timestamp":"2022-09-18T11:35:34.494Z"}
{"level":"info","message":"App listening on url: http://localhost:8000","timestamp":"2022-09-18T11:36:37.153Z"}
{"level":"info","message":"App listening on url: http://localhost:8000","timestamp":"2022-09-18T11:37:18.083Z"}
{"level":"info","message":"App listening on url: http://localhost:8000","timestamp":"2022-09-18T11:37:34.266Z"}
{"level":"info","message":"App listening on url: http://localhost:8000","timestamp":"2022-09-18T11:44:03.378Z"}
{"level":"info","message":"App listening on url: http://localhost:8000","timestamp":"2022-09-18T11:45:16.539Z"}
{"level":"info","message":"App listening on url: http://localhost:8000","timestamp":"2022-09-18T11:45:32.858Z"}
{"level":"info","message":"App listening on url: http://localhost:8000","timestamp":"2022-09-18T11:47:00.909Z"}
{"level":"info","message":"App listening on url: http://localhost:8000","timestamp":"2022-09-18T11:47:29.299Z"}
{"level":"info","message":"App listening on url: http://localhost:8000","timestamp":"2022-09-18T11:49:06.615Z"}
{"level":"info","message":"App listening on url: http://localhost:8000","timestamp":"2022-09-18T12:13:02.572Z"}
{"level":"info","message":"App listening on url: http://localhost:8000","timestamp":"2022-09-18T12:13:31.953Z"}
{"message":"Product is not a constructor","stack":"TypeError: Product is not a constructor\n    at addProduct (C:\\Projects\\Local\\eleven_health\\node_backend_2\\eleven_backend\\controllers\\productController.js:9:23)\n    at Layer.handle [as handle_request] (C:\\Projects\\Local\\eleven_health\\node_backend_2\\eleven_backend\\node_modules\\express\\lib\\router\\layer.js:95:5)\n    at next (C:\\Projects\\Local\\eleven_health\\node_backend_2\\eleven_backend\\node_modules\\express\\lib\\router\\route.js:137:13)\n    at module.exports (C:\\Projects\\Local\\eleven_health\\node_backend_2\\eleven_backend\\middleware\\auth.js:12:13)\n    at Layer.handle [as handle_request] (C:\\Projects\\Local\\eleven_health\\node_backend_2\\eleven_backend\\node_modules\\express\\lib\\router\\layer.js:95:5)\n    at next (C:\\Projects\\Local\\eleven_health\\node_backend_2\\eleven_backend\\node_modules\\express\\lib\\router\\route.js:137:13)\n    at Route.dispatch (C:\\Projects\\Local\\eleven_health\\node_backend_2\\eleven_backend\\node_modules\\express\\lib\\router\\route.js:112:3)\n    at Layer.handle [as handle_request] (C:\\Projects\\Local\\eleven_health\\node_backend_2\\eleven_backend\\node_modules\\express\\lib\\router\\layer.js:95:5)\n    at C:\\Projects\\Local\\eleven_health\\node_backend_2\\eleven_backend\\node_modules\\express\\lib\\router\\index.js:281:22\n    at Function.process_params (C:\\Projects\\Local\\eleven_health\\node_backend_2\\eleven_backend\\node_modules\\express\\lib\\router\\index.js:335:12)","level":"error","timestamp":"2022-09-18T12:13:36.716Z"}
{"level":"info","message":"App listening on url: http://localhost:8000","timestamp":"2022-09-18T12:16:31.622Z"}
{"level":"info","message":"App listening on url: http://localhost:8000","timestamp":"2022-09-18T12:16:41.766Z"}
{"message":"Product validation failed: Pname: Path `Pname` is required.","stack":"ValidationError: Product validation failed: Pname: Path `Pname` is required.\n    at model.Document.invalidate (C:\\Projects\\Local\\eleven_health\\node_backend_2\\eleven_backend\\node_modules\\mongoose\\lib\\document.js:3054:32)\n    at C:\\Projects\\Local\\eleven_health\\node_backend_2\\eleven_backend\\node_modules\\mongoose\\lib\\document.js:2842:17\n    at C:\\Projects\\Local\\eleven_health\\node_backend_2\\eleven_backend\\node_modules\\mongoose\\lib\\schematype.js:1349:9\n    at processTicksAndRejections (internal/process/task_queues.js:77:11)","errors":{"Pname":{"name":"ValidatorError","message":"Path `Pname` is required.","properties":{"message":"Path `Pname` is required.","type":"required","path":"Pname"},"kind":"required","path":"Pname"}},"_message":"Product validation failed","level":"error","timestamp":"2022-09-18T12:16:47.913Z"}
{"level":"info","message":"App listening on url: http://localhost:8000","timestamp":"2022-09-18T12:17:37.087Z"}
{"level":"info","message":"App listening on url: http://localhost:8000","timestamp":"2022-09-18T13:53:22.251Z"}
{"level":"info","message":"App listening on url: http://localhost:8000","timestamp":"2022-09-18T14:44:11.252Z"}
{"level":"info","message":"App listening on url: http://localhost:8000","timestamp":"2022-09-18T16:12:34.283Z"}
{"level":"info","message":"App listening on url: http://localhost:8000","timestamp":"2022-09-18T16:14:53.883Z"}
{"level":"info","message":"App listening on url: http://localhost:8000","timestamp":"2022-09-18T16:15:03.490Z"}
{"level":"info","message":"App listening on url: http://localhost:8000","timestamp":"2022-09-18T16:35:11.079Z"}
{"level":"info","message":"App listening on url: http://localhost:8000","timestamp":"2022-09-18T16:37:23.220Z"}
{"level":"info","message":"App listening on url: http://localhost:8000","timestamp":"2022-09-18T17:22:51.975Z"}
{"level":"info","message":"App listening on url: http://localhost:8000","timestamp":"2022-09-18T17:36:23.603Z"}
{"level":"info","message":"App listening on url: http://localhost:8000","timestamp":"2022-09-18T17:36:43.675Z"}
